<?xml version="1.0" encoding="UTF-8"?>
<!-- Generated by org.testng.reporters.JUnitReportReporter -->
<testsuite hostname="LAPTOP-MPMJTA5B" failures="0" tests="1" name="jenkins.WorkInJenkins" time="16.438" errors="0" timestamp="2025-04-18T12:00:31 IST" skipped="0">
  <testcase classname="jenkins.WorkInJenkins" name="lounch" time="16.438"/>
  <system-out/>
</testsuite> <!-- jenkins.WorkInJenkins -->
